<?xml version="1.0" encoding="UTF-8"?>
<!-- Generated by org.testng.reporters.JUnitReportReporter -->
<testsuite hostname="LAPTOP-TI0RNES2" failures="0" tests="1" name="pom_scripts.actiLoginScript" time="12.190" errors="0" timestamp="2022-11-24T12:49:47 IST" skipped="0">
  <testcase classname="pom_scripts.actiLoginScript" name="actiLogin" time="12.190"/>
  <system-out/>
</testsuite> <!-- pom_scripts.actiLoginScript -->
